TN:
SF:/home/eb/Share/extension/cth_modules/cth-getDate/index.js
FN:6,getDate
FNF:1
FNH:1
FNDA:1,getDate
DA:1,1
DA:6,1
DA:7,1
LF:3
LH:3
BRF:0
BRH:0
end_of_record
TN:
SF:/home/eb/Share/extension/cth_modules/cth-prototype/index.js
FN:7,(anonymous_0)
FN:11,(anonymous_1)
FN:15,(anonymous_2)
FN:19,(anonymous_3)
FN:23,(anonymous_4)
FN:27,(anonymous_5)
FN:28,(anonymous_6)
FN:31,(anonymous_7)
FN:33,(anonymous_8)
FN:39,(anonymous_9)
FN:40,(anonymous_10)
FN:43,(anonymous_11)
FN:44,(anonymous_12)
FN:47,recurFn
FN:60,(anonymous_14)
FNF:15
FNH:13
FNDA:2,(anonymous_0)
FNDA:2,(anonymous_1)
FNDA:1,(anonymous_2)
FNDA:1,(anonymous_3)
FNDA:0,(anonymous_4)
FNDA:1,(anonymous_5)
FNDA:2,(anonymous_6)
FNDA:1,(anonymous_7)
FNDA:4,(anonymous_8)
FNDA:1,(anonymous_9)
FNDA:6,(anonymous_10)
FNDA:1,(anonymous_11)
FNDA:6,(anonymous_12)
FNDA:0,recurFn
FNDA:1,(anonymous_14)
DA:7,1
DA:8,2
DA:11,1
DA:12,2
DA:15,1
DA:16,1
DA:19,1
DA:20,1
DA:23,1
DA:24,0
DA:27,1
DA:28,2
DA:31,1
DA:32,1
DA:33,1
DA:34,4
DA:36,1
DA:39,1
DA:40,6
DA:43,1
DA:44,6
DA:47,1
DA:48,0
DA:49,0
DA:51,0
DA:52,0
DA:54,0
DA:55,0
DA:60,1
DA:61,1
DA:63,1
DA:64,0
DA:66,1
DA:67,9
DA:68,9
DA:69,9
DA:71,1
LF:37
LH:29
BRDA:47,0,0,0
BRDA:47,1,0,0
BRDA:48,2,0,0
BRDA:48,2,1,0
BRDA:51,3,0,0
BRDA:51,3,1,0
BRDA:54,4,0,0
BRDA:54,4,1,0
BRDA:63,5,0,0
BRDA:63,5,1,1
BRF:10
BRH:1
end_of_record
TN:
SF:/home/eb/Share/extension/src/0_model/completeAssign.js
FN:1,completeAsabcsign
FN:2,(anonymous_1)
FN:3,(anonymous_2)
FN:8,(anonymous_3)
FNF:4
FNH:3
FNDA:2,completeAsabcsign
FNDA:2,(anonymous_1)
FNDA:10,(anonymous_2)
FNDA:0,(anonymous_3)
DA:2,2
DA:3,2
DA:4,10
DA:5,10
DA:8,2
DA:9,0
DA:10,0
DA:11,0
DA:14,2
DA:16,2
LF:10
LH:7
BRDA:10,0,0,0
BRDA:10,0,1,0
BRF:2
BRH:0
end_of_record
TN:
SF:/home/eb/Share/extension/src/0_model/qa-sheet-google.js
FN:13,escapeHtml
FN:23,(anonymous_1)
FN:38,(anonymous_2)
FN:67,(anonymous_3)
FN:71,(anonymous_4)
FN:88,(anonymous_5)
FN:100,(anonymous_6)
FN:115,(anonymous_7)
FN:122,(anonymous_8)
FN:127,(anonymous_9)
FNF:10
FNH:9
FNDA:275,escapeHtml
FNDA:0,(anonymous_1)
FNDA:1,(anonymous_2)
FNDA:1,(anonymous_3)
FNDA:1,(anonymous_4)
FNDA:1,(anonymous_5)
FNDA:1,(anonymous_6)
FNDA:1,(anonymous_7)
FNDA:275,(anonymous_8)
FNDA:275,(anonymous_9)
DA:3,1
DA:4,1
DA:5,1
DA:14,275
DA:23,275
DA:24,0
DA:39,1
DA:40,1
DA:41,1
DA:42,1
DA:43,1
DA:45,1
DA:47,1
DA:49,1
DA:58,1
DA:64,1
DA:68,1
DA:72,1
DA:73,1
DA:74,1
DA:75,1
DA:76,1
DA:77,1
DA:78,1
DA:79,1
DA:81,1
DA:89,1
DA:90,0
DA:93,1
DA:95,1
DA:96,0
DA:101,1
DA:102,0
DA:105,1
DA:107,1
DA:108,1
DA:111,1
DA:116,1
DA:117,0
DA:118,1
DA:119,0
DA:122,1
DA:123,275
DA:127,275
DA:129,1
DA:133,1
LF:46
LH:40
BRDA:75,0,0,1
BRDA:75,0,1,0
BRDA:89,1,0,0
BRDA:89,1,1,1
BRDA:95,2,0,0
BRDA:95,2,1,1
BRDA:95,3,0,1
BRDA:95,3,1,1
BRDA:101,4,0,0
BRDA:101,4,1,1
BRDA:108,5,0,0
BRDA:108,5,1,1
BRDA:116,6,0,0
BRDA:116,6,1,1
BRDA:118,7,0,0
BRDA:118,7,1,1
BRF:16
BRH:9
end_of_record
TN:
SF:/home/eb/Share/extension/src/0_model/Segment/convertPlaceholders.js
FN:17,convertPlaceholders
FN:34,countEtc
FN:46,recurse
FN:53,(anonymous_3)
FNF:4
FNH:4
FNDA:6,convertPlaceholders
FNDA:15,countEtc
FNDA:13,recurse
FNDA:29,(anonymous_3)
DA:6,2
DA:7,2
DA:8,2
DA:18,6
DA:19,6
DA:20,6
DA:22,6
DA:24,6
DA:26,6
DA:36,15
DA:38,15
DA:39,2
DA:41,13
DA:42,13
DA:43,13
DA:47,13
DA:48,0
DA:50,13
DA:51,13
DA:53,13
DA:54,29
DA:55,15
DA:56,1
DA:58,1
DA:60,1
DA:61,14
DA:62,0
DA:64,0
DA:66,0
DA:67,0
DA:69,0
DA:71,14
DA:72,2
DA:74,2
DA:76,2
DA:77,12
DA:78,1
DA:80,0
DA:84,1
DA:86,0
DA:88,0
DA:89,1
DA:90,0
DA:91,1
DA:92,0
DA:93,1
DA:94,0
DA:95,1
DA:96,1
DA:99,1
DA:101,11
DA:104,7
DA:106,7
DA:107,4
DA:108,4
DA:112,4
DA:113,4
DA:115,0
DA:117,14
DA:118,14
DA:120,0
DA:123,13
LF:62
LH:48
BRDA:7,0,0,2
BRDA:7,0,1,0
BRDA:38,1,0,2
BRDA:38,1,1,13
BRDA:47,2,0,0
BRDA:47,2,1,13
BRDA:54,3,0,15
BRDA:54,3,1,14
BRDA:55,4,0,1
BRDA:55,4,1,14
BRDA:55,5,0,15
BRDA:55,5,1,1
BRDA:61,6,0,0
BRDA:61,6,1,14
BRDA:66,7,0,0
BRDA:66,7,1,0
BRDA:66,8,0,0
BRDA:66,8,1,0
BRDA:71,9,0,2
BRDA:71,9,1,12
BRDA:77,10,0,1
BRDA:77,10,1,11
BRDA:78,11,0,0
BRDA:78,11,1,1
BRDA:78,12,0,1
BRDA:78,12,1,1
BRDA:84,13,0,0
BRDA:84,13,1,1
BRDA:84,14,0,1
BRDA:84,14,1,0
BRDA:89,15,0,0
BRDA:89,15,1,1
BRDA:91,16,0,0
BRDA:91,16,1,1
BRDA:93,17,0,0
BRDA:93,17,1,1
BRDA:95,18,0,1
BRDA:95,18,1,0
BRDA:95,19,0,1
BRDA:95,19,1,1
BRDA:101,20,0,7
BRDA:101,20,1,4
BRDA:101,21,0,11
BRDA:101,21,1,7
BRDA:101,21,2,7
BRDA:104,22,0,7
BRDA:104,22,1,1
BRDA:107,23,0,4
BRDA:107,23,1,0
BRDA:117,24,0,14
BRDA:117,24,1,0
BRF:51
BRH:35
end_of_record
TN:
SF:/home/eb/Share/extension/src/2_body/lib/Autocomplete/source/util.js
FN:10,(anonymous_0)
FN:11,(anonymous_1)
FN:19,(anonymous_2)
FN:20,(anonymous_3)
FN:28,(anonymous_4)
FN:29,(anonymous_5)
FN:33,(anonymous_6)
FNF:7
FNH:0
FNDA:0,(anonymous_0)
FNDA:0,(anonymous_1)
FNDA:0,(anonymous_2)
FNDA:0,(anonymous_3)
FNDA:0,(anonymous_4)
FNDA:0,(anonymous_5)
FNDA:0,(anonymous_6)
DA:10,1
DA:11,0
DA:19,1
DA:20,0
DA:28,1
DA:29,0
DA:30,0
DA:31,0
DA:33,0
DA:34,0
LF:10
LH:3
BRDA:30,0,0,0
BRDA:30,0,1,0
BRF:2
BRH:0
end_of_record
TN:
SF:/home/eb/Share/extension/src/2_body/lib/Document/Document.js
FN:24,(anonymous_1)
FN:54,hasIceSegments
FNF:2
FNH:0
FNDA:0,(anonymous_1)
FNDA:0,hasIceSegments
DA:3,1
DA:4,1
DA:6,1
DA:8,1
DA:10,1
DA:12,0
DA:16,0
DA:20,0
DA:24,0
DA:25,0
DA:26,0
DA:35,1
DA:37,0
DA:40,0
DA:45,1
DA:47,0
DA:50,0
DA:54,1
DA:55,0
LF:19
LH:8
BRDA:8,0,0,1
BRDA:8,0,1,0
BRDA:37,1,0,0
BRDA:37,1,1,0
BRDA:47,2,0,0
BRDA:47,2,1,0
BRF:6
BRH:1
end_of_record
TN:
SF:/home/eb/Share/extension/src/2_body/lib/Qa/checks/charlimit-check.js
FN:24,runCharLimitCheck
FN:31,(anonymous_2)
FNF:2
FNH:2
FNDA:1,runCharLimitCheck
FNDA:2,(anonymous_2)
DA:6,1
DA:8,1
DA:10,1
DA:25,1
DA:26,0
DA:31,1
DA:32,2
DA:42,2
DA:45,1
DA:50,1
DA:51,0
DA:54,1
DA:57,1
DA:60,1
DA:66,1
DA:67,1
DA:68,1
DA:70,1
DA:71,1
DA:73,1
DA:75,1
DA:76,1
DA:78,1
DA:79,1
DA:81,1
DA:83,1
DA:84,1
DA:85,0
DA:86,0
DA:89,0
DA:90,0
DA:91,0
DA:95,1
DA:98,1
DA:99,1
DA:103,1
LF:36
LH:29
BRDA:8,0,0,0
BRDA:8,0,1,1
BRDA:25,1,0,0
BRDA:25,1,1,1
BRDA:50,2,0,0
BRDA:50,2,1,1
BRDA:50,3,0,1
BRDA:50,3,1,1
BRDA:61,4,0,1
BRDA:61,4,1,0
BRDA:63,5,0,0
BRDA:63,5,1,0
BRDA:84,6,0,0
BRDA:84,6,1,1
BRDA:86,7,0,0
BRDA:86,7,1,0
BRDA:95,8,0,1
BRDA:95,8,1,0
BRDA:95,9,0,1
BRDA:95,9,1,1
BRDA:95,9,2,1
BRDA:98,10,0,1
BRDA:98,10,1,0
BRF:23
BRH:12
end_of_record
TN:
SF:/home/eb/Share/extension/src/2_body/lib/Qa/checks/checkPlaceholders.js
FN:8,(anonymous_0)
FN:16,checkPlaceholders
FNF:2
FNH:2
FNDA:8,(anonymous_0)
FNDA:4,checkPlaceholders
DA:6,1
DA:8,8
DA:17,4
DA:22,4
DA:24,4
DA:25,0
DA:28,4
DA:30,4
DA:31,4
DA:33,4
DA:34,4
DA:35,4
DA:37,4
DA:38,4
DA:42,4
DA:43,4
DA:45,4
DA:46,1
DA:47,3
DA:48,2
DA:50,1
LF:21
LH:20
BRDA:24,0,0,0
BRDA:24,0,1,4
BRDA:24,1,0,4
BRDA:24,1,1,4
BRDA:30,2,0,4
BRDA:30,2,1,0
BRDA:33,3,0,4
BRDA:33,3,1,0
BRDA:34,4,0,4
BRDA:34,4,1,0
BRDA:37,5,0,4
BRDA:37,5,1,0
BRDA:37,6,0,4
BRDA:37,6,1,4
BRDA:45,7,0,1
BRDA:45,7,1,3
BRDA:45,8,0,4
BRDA:45,8,1,3
BRDA:47,9,0,2
BRDA:47,9,1,1
BRDA:47,10,0,3
BRDA:47,10,1,2
BRF:22
BRH:17
end_of_record
TN:
SF:/home/eb/Share/extension/src/2_body/lib/Qa/checks/compareLengths.js
FNF:0
FNH:0
DA:5,1
DA:18,5
DA:24,5
DA:25,5
DA:27,5
DA:28,1
DA:29,4
DA:30,1
DA:32,3
LF:9
LH:9
BRDA:27,0,0,1
BRDA:27,0,1,4
BRDA:29,1,0,1
BRDA:29,1,1,3
BRF:4
BRH:4
end_of_record
TN:
SF:/home/eb/Share/extension/src/2_body/lib/Qa/checks/consistencyCheck.js
FN:13,(anonymous_1)
FN:23,(anonymous_2)
FN:33,(anonymous_3)
FN:40,(anonymous_4)
FN:44,(anonymous_5)
FN:49,(anonymous_6)
FN:50,(anonymous_7)
FN:57,(anonymous_8)
FN:59,(anonymous_9)
FN:67,(anonymous_10)
FN:69,(anonymous_11)
FN:77,(anonymous_12)
FNF:12
FNH:11
FNDA:2,(anonymous_1)
FNDA:6,(anonymous_2)
FNDA:3,(anonymous_3)
FNDA:3,(anonymous_4)
FNDA:0,(anonymous_5)
FNDA:4,(anonymous_6)
FNDA:4,(anonymous_7)
FNDA:4,(anonymous_8)
FNDA:16,(anonymous_9)
FNDA:6,(anonymous_10)
FNDA:24,(anonymous_11)
FNDA:6,(anonymous_12)
DA:7,2
DA:9,2
DA:13,2
DA:14,2
DA:23,2
DA:24,6
DA:25,6
DA:26,6
DA:27,6
DA:28,6
DA:29,6
DA:30,6
DA:33,2
DA:34,3
DA:35,3
DA:40,2
DA:41,3
DA:42,2
DA:43,1
DA:44,0
DA:46,1
DA:49,2
DA:50,4
DA:51,4
DA:52,4
DA:53,4
DA:57,2
DA:58,4
DA:59,4
DA:60,16
DA:62,4
DA:63,4
DA:67,2
DA:68,6
DA:69,6
DA:70,24
DA:72,4
DA:75,6
DA:77,2
DA:78,6
DA:79,4
DA:80,4
DA:81,4
DA:83,0
DA:88,2
LF:45
LH:43
BRDA:34,0,0,2
BRDA:34,0,1,1
BRDA:41,1,0,2
BRDA:41,1,1,1
BRDA:43,2,0,0
BRDA:43,2,1,1
BRDA:51,3,0,4
BRDA:51,3,1,0
BRDA:60,4,0,4
BRDA:60,4,1,12
BRDA:60,5,0,16
BRDA:60,5,1,12
BRDA:70,6,0,4
BRDA:70,6,1,20
BRDA:70,7,0,24
BRDA:70,7,1,18
BRDA:78,8,0,4
BRDA:78,8,1,2
BRDA:80,9,0,4
BRDA:80,9,1,0
BRF:20
BRH:17
end_of_record
TN:
SF:/home/eb/Share/extension/src/2_body/lib/Qa/checks/languageSpecific.js
FN:3,extraSpacesBefore
FN:9,(anonymous_2)
FN:15,forbiddenCharacters
FN:20,(anonymous_4)
FN:26,missingEndPunctuation
FN:31,(anonymous_6)
FN:38,redundantEndPunctuation
FN:44,(anonymous_8)
FN:52,consecutivePunctuation
FN:57,(anonymous_10)
FNF:10
FNH:10
FNDA:2,extraSpacesBefore
FNDA:2,(anonymous_2)
FNDA:2,forbiddenCharacters
FNDA:2,(anonymous_4)
FNDA:2,missingEndPunctuation
FNDA:2,(anonymous_6)
FNDA:2,redundantEndPunctuation
FNDA:2,(anonymous_8)
FNDA:2,consecutivePunctuation
FNDA:2,(anonymous_10)
DA:1,1
DA:4,2
DA:5,2
DA:7,2
DA:8,2
DA:9,2
DA:10,2
DA:12,0
DA:16,2
DA:17,2
DA:18,2
DA:19,2
DA:20,2
DA:21,2
DA:23,0
DA:27,2
DA:28,2
DA:29,2
DA:30,2
DA:31,2
DA:32,2
DA:35,0
DA:39,2
DA:40,2
DA:42,2
DA:43,2
DA:44,2
DA:45,2
DA:49,0
DA:53,2
DA:54,2
DA:55,2
DA:56,2
DA:57,2
DA:58,2
DA:63,0
LF:36
LH:31
BRDA:4,0,0,2
BRDA:4,0,1,0
BRDA:8,1,0,2
BRDA:8,1,1,0
BRDA:19,2,0,2
BRDA:19,2,1,0
BRDA:30,3,0,2
BRDA:30,3,1,0
BRDA:30,4,0,2
BRDA:30,4,1,2
BRDA:43,5,0,2
BRDA:43,5,1,0
BRDA:43,6,0,2
BRDA:43,6,1,2
BRDA:56,7,0,2
BRDA:56,7,1,0
BRF:16
BRH:10
end_of_record
TN:
SF:/home/eb/Share/extension/src/2_body/lib/Qa/checks/numbers-check.js
FN:12,(anonymous_1)
FN:14,convertTo24Hour
FN:33,patterns
FN:87,(anonymous_4)
FN:88,(anonymous_5)
FN:89,(anonymous_6)
FN:90,(anonymous_7)
FN:130,(anonymous_8)
FNF:8
FNH:8
FNDA:1,(anonymous_1)
FNDA:2,convertTo24Hour
FNDA:140,patterns
FNDA:38,(anonymous_4)
FNDA:40,(anonymous_5)
FNDA:42,(anonymous_6)
FNDA:3,(anonymous_7)
FNDA:21,(anonymous_8)
DA:7,1
DA:8,1
DA:10,1
DA:12,1
DA:15,2
DA:16,2
DA:17,0
DA:18,2
DA:19,2
DA:21,2
DA:24,1
DA:34,140
DA:36,140
DA:41,140
DA:48,140
DA:52,140
DA:87,38
DA:88,40
DA:89,42
DA:90,3
DA:92,1
DA:101,10
DA:103,10
DA:113,10
DA:114,0
DA:118,10
DA:119,10
DA:121,10
DA:124,10
DA:125,0
DA:128,10
DA:129,10
DA:131,21
DA:132,21
DA:133,21
DA:134,21
DA:135,21
DA:144,10
DA:146,10
DA:148,10
DA:150,10
DA:151,10
DA:153,10
DA:154,10
DA:155,10
DA:156,10
DA:158,10
DA:161,0
LF:48
LH:44
BRDA:16,0,0,0
BRDA:16,0,1,2
BRDA:16,1,0,2
BRDA:16,1,1,0
BRDA:18,2,0,2
BRDA:18,2,1,0
BRDA:18,3,0,2
BRDA:18,3,1,2
BRDA:113,4,0,0
BRDA:113,4,1,10
BRDA:113,5,0,10
BRDA:113,5,1,10
BRDA:124,6,0,0
BRDA:124,6,1,10
BRDA:124,7,0,10
BRDA:124,7,1,10
BRDA:136,8,0,2
BRDA:136,8,1,19
BRDA:138,9,0,2
BRDA:138,9,1,17
BRDA:137,10,0,19
BRDA:137,10,1,3
BRDA:140,11,0,16
BRDA:140,11,1,1
BRDA:146,12,0,10
BRDA:146,12,1,0
BRDA:150,13,0,10
BRDA:150,13,1,0
BRDA:150,14,0,10
BRDA:150,14,1,10
BRDA:150,14,2,10
BRDA:150,14,3,10
BRF:32
BRH:25
end_of_record
TN:
SF:/home/eb/Share/extension/src/2_body/lib/Qa/checks/parens-check.js
FN:6,(anonymous_0)
FN:7,compare
FNF:2
FNH:2
FNDA:1,(anonymous_0)
FNDA:1,compare
DA:6,1
DA:8,1
DA:17,1
DA:19,1
DA:20,1
DA:22,1
DA:23,1
DA:25,1
DA:27,1
DA:30,1
LF:10
LH:10
BRDA:22,0,0,1
BRDA:22,0,1,0
BRDA:22,1,0,1
BRDA:22,1,1,1
BRDA:22,1,2,1
BRDA:22,1,3,1
BRF:6
BRH:5
end_of_record
TN:
SF:/home/eb/Share/extension/src/2_body/lib/Qa/lqa-run-test-collection/index.js
FN:11,(anonymous_0)
FN:25,runChecksCollection
FN:42,(anonymous_2)
FN:51,(anonymous_3)
FN:66,(anonymous_4)
FN:177,(anonymous_5)
FN:198,(anonymous_6)
FN:200,capturify
FN:206,_initVars
FN:208,(anonymous_9)
FN:209,(anonymous_10)
FNF:11
FNH:10
FNDA:1,(anonymous_0)
FNDA:1,runChecksCollection
FNDA:2,(anonymous_2)
FNDA:2,(anonymous_3)
FNDA:1,(anonymous_4)
FNDA:1,(anonymous_5)
FNDA:1,(anonymous_6)
FNDA:0,capturify
FNDA:4,_initVars
FNDA:4,(anonymous_9)
FNDA:4,(anonymous_10)
DA:1,1
DA:2,1
DA:4,1
DA:5,1
DA:6,1
DA:10,1
DA:11,1
DA:25,1
DA:26,1
DA:27,0
DA:30,1
DA:38,1
DA:40,1
DA:42,1
DA:43,2
DA:45,2
DA:46,0
DA:47,2
DA:48,0
DA:51,2
DA:52,2
DA:54,0
DA:56,0
DA:58,0
DA:60,2
DA:64,2
DA:66,2
DA:67,1
DA:71,1
DA:74,2
DA:75,0
DA:76,0
DA:77,0
DA:78,0
DA:82,2
DA:93,2
DA:94,0
DA:95,0
DA:98,2
DA:99,2
DA:101,2
DA:103,2
DA:104,2
DA:106,2
DA:111,2
DA:112,0
DA:116,2
DA:117,0
DA:118,0
DA:123,2
DA:126,0
DA:128,0
DA:129,0
DA:132,0
DA:133,0
DA:135,0
DA:136,0
DA:137,0
DA:138,0
DA:141,0
DA:143,0
DA:145,0
DA:146,0
DA:147,0
DA:148,0
DA:150,0
DA:151,0
DA:154,0
DA:155,0
DA:158,0
DA:162,0
DA:165,0
DA:168,2
DA:169,0
DA:171,0
DA:174,2
DA:175,1
DA:177,1
DA:178,1
DA:179,1
DA:181,0
DA:184,1
DA:189,1
DA:190,1
DA:192,0
DA:198,1
DA:201,0
DA:208,4
DA:209,4
DA:211,4
DA:212,3
DA:213,3
DA:215,1
DA:218,4
DA:219,0
DA:220,0
DA:222,4
DA:223,4
DA:224,4
DA:225,0
DA:227,4
DA:228,0
LF:102
LH:56
BRDA:26,0,0,0
BRDA:26,0,1,1
BRDA:45,1,0,0
BRDA:45,1,1,2
BRDA:47,2,0,0
BRDA:47,2,1,2
BRDA:47,3,0,2
BRDA:47,3,1,0
BRDA:53,4,0,0
BRDA:53,4,1,0
BRDA:53,4,2,0
BRDA:53,4,3,2
BRDA:74,5,0,0
BRDA:74,5,1,2
BRDA:76,6,0,0
BRDA:76,6,1,0
BRDA:76,7,0,0
BRDA:76,7,1,0
BRDA:93,8,0,0
BRDA:93,8,1,2
BRDA:93,9,0,2
BRDA:93,9,1,0
BRDA:106,10,0,0
BRDA:106,10,1,2
BRDA:106,11,0,2
BRDA:106,11,1,0
BRDA:111,12,0,0
BRDA:111,12,1,2
BRDA:111,13,0,2
BRDA:111,13,1,0
BRDA:116,14,0,0
BRDA:116,14,1,2
BRDA:116,15,0,2
BRDA:116,15,1,2
BRDA:116,15,2,0
BRDA:117,16,0,0
BRDA:117,16,1,0
BRDA:117,17,0,0
BRDA:117,17,1,0
BRDA:123,18,0,0
BRDA:123,18,1,2
BRDA:123,19,0,2
BRDA:123,19,1,1
BRDA:128,20,0,0
BRDA:128,20,1,0
BRDA:128,21,0,0
BRDA:128,21,1,0
BRDA:135,22,0,0
BRDA:135,22,1,0
BRDA:135,23,0,0
BRDA:135,23,1,0
BRDA:137,24,0,0
BRDA:137,24,1,0
BRDA:137,25,0,0
BRDA:137,25,1,0
BRDA:145,26,0,0
BRDA:145,26,1,0
BRDA:147,27,0,0
BRDA:147,27,1,0
BRDA:148,28,0,0
BRDA:148,28,1,0
BRDA:150,29,0,0
BRDA:150,29,1,0
BRDA:155,30,0,0
BRDA:155,30,1,0
BRDA:155,31,0,0
BRDA:155,31,1,0
BRDA:158,32,0,0
BRDA:158,32,1,0
BRDA:159,33,0,0
BRDA:159,33,1,0
BRDA:165,34,0,0
BRDA:165,34,1,0
BRDA:166,35,0,0
BRDA:166,35,1,0
BRDA:166,36,0,0
BRDA:166,36,1,0
BRDA:166,36,2,0
BRDA:168,37,0,0
BRDA:168,37,1,2
BRDA:168,38,0,2
BRDA:168,38,1,1
BRDA:169,39,0,0
BRDA:169,39,1,0
BRDA:169,40,0,0
BRDA:169,40,1,0
BRDA:171,41,0,0
BRDA:171,41,1,0
BRDA:172,42,0,0
BRDA:172,42,1,0
BRDA:172,43,0,0
BRDA:172,43,1,0
BRDA:174,44,0,1
BRDA:174,44,1,1
BRDA:174,45,0,2
BRDA:174,45,1,1
BRDA:175,46,0,1
BRDA:175,46,1,0
BRDA:175,47,0,1
BRDA:175,47,1,1
BRDA:178,48,0,1
BRDA:178,48,1,0
BRDA:181,49,0,0
BRDA:181,49,1,0
BRDA:181,50,0,0
BRDA:181,50,1,0
BRDA:184,51,0,1
BRDA:184,51,1,1
BRDA:189,52,0,1
BRDA:189,52,1,0
BRDA:189,53,0,1
BRDA:189,53,1,1
BRDA:190,54,0,0
BRDA:190,54,1,1
BRDA:190,55,0,1
BRDA:190,55,1,0
BRDA:192,56,0,0
BRDA:192,56,1,0
BRDA:193,57,0,0
BRDA:193,57,1,0
BRDA:193,58,0,0
BRDA:193,58,1,0
BRDA:202,59,0,0
BRDA:202,59,1,0
BRDA:208,60,0,0
BRDA:209,61,0,0
BRDA:211,62,0,3
BRDA:211,62,1,1
BRDA:218,63,0,0
BRDA:218,63,1,4
BRDA:224,64,0,0
BRDA:224,64,1,4
BRDA:224,65,0,4
BRDA:224,65,1,0
BRDA:227,66,0,0
BRDA:227,66,1,4
BRDA:227,67,0,4
BRDA:227,67,1,0
BRF:138
BRH:43
end_of_record
TN:
SF:/home/eb/Share/extension/src/2_body/lib/Segment/Segment.js
FN:54,(anonymous_1)
FN:67,(anonymous_2)
FN:99,(anonymous_3)
FN:108,(anonymous_4)
FN:154,(anonymous_5)
FN:163,(anonymous_6)
FN:171,(anonymous_7)
FN:172,(anonymous_8)
FN:180,returnExcept
FN:189,(anonymous_10)
FN:194,(anonymous_11)
FN:219,(anonymous_12)
FN:220,(anonymous_13)
FNF:13
FNH:0
FNDA:0,(anonymous_1)
FNDA:0,(anonymous_2)
FNDA:0,(anonymous_3)
FNDA:0,(anonymous_4)
FNDA:0,(anonymous_5)
FNDA:0,(anonymous_6)
FNDA:0,(anonymous_7)
FNDA:0,(anonymous_8)
FNDA:0,returnExcept
FNDA:0,(anonymous_10)
FNDA:0,(anonymous_11)
FNDA:0,(anonymous_12)
FNDA:0,(anonymous_13)
DA:2,1
DA:3,1
DA:4,1
DA:5,1
DA:6,1
DA:8,1
DA:10,1
DA:17,1
DA:19,1
DA:20,1
DA:21,1
DA:22,1
DA:26,1
DA:27,1
DA:28,1
DA:29,1
DA:30,1
DA:36,0
DA:37,0
DA:38,0
DA:39,0
DA:42,0
DA:44,0
DA:49,0
DA:53,0
DA:55,0
DA:59,0
DA:60,0
DA:64,0
DA:65,0
DA:66,0
DA:67,0
DA:68,0
DA:69,0
DA:75,0
DA:76,0
DA:79,0
DA:80,0
DA:82,0
DA:83,0
DA:84,0
DA:88,1
DA:92,1
DA:97,1
DA:99,1
DA:100,0
DA:108,0
DA:109,0
DA:110,0
DA:111,0
DA:115,1
DA:119,1
DA:123,1
DA:124,1
DA:125,1
DA:126,1
DA:127,1
DA:129,0
DA:133,1
DA:137,0
DA:141,0
DA:145,0
DA:149,0
DA:153,0
DA:154,0
DA:155,0
DA:161,0
DA:163,0
DA:164,0
DA:165,0
DA:168,0
DA:170,0
DA:171,0
DA:172,0
DA:181,0
DA:182,0
DA:185,0
DA:189,0
DA:190,0
DA:191,0
DA:194,0
DA:195,0
DA:196,0
DA:199,0
DA:200,0
DA:202,0
DA:203,0
DA:204,0
DA:205,0
DA:206,0
DA:210,0
DA:214,0
DA:219,0
DA:220,0
DA:224,1
LF:95
LH:30
BRDA:8,0,0,1
BRDA:8,0,1,0
BRDA:37,1,0,0
BRDA:37,1,1,0
BRDA:66,2,0,0
BRDA:66,2,1,0
BRDA:75,3,0,0
BRDA:75,3,1,0
BRDA:82,4,0,0
BRDA:82,4,1,0
BRDA:109,5,0,0
BRDA:109,5,1,0
BRDA:126,6,0,1
BRDA:126,6,1,0
BRDA:141,7,0,0
BRDA:141,7,1,0
BRDA:153,8,0,0
BRDA:153,8,1,0
BRDA:171,9,0,0
BRDA:171,9,1,0
BRDA:172,10,0,0
BRDA:172,10,1,0
BRF:22
BRH:2
end_of_record
TN:
SF:/home/eb/Share/extension/src/2_body/lib/Segment/filterSegmentTypes.js
FN:17,filterSegmentTypes
FNF:1
FNH:1
FNDA:2,filterSegmentTypes
DA:1,2
DA:17,2
DA:18,2
DA:19,8
DA:20,2
DA:23,0
LF:6
LH:5
BRDA:19,0,0,2
BRDA:19,0,1,6
BRF:2
BRH:2
end_of_record
TN:
SF:/home/eb/Share/extension/src/3_lower/lib/Glossaries/lib/buildObject.js
FN:10,buildObject
FN:20,(anonymous_2)
FN:26,(anonymous_3)
FNF:3
FNH:3
FNDA:1,buildObject
FNDA:6,(anonymous_2)
FNDA:7,(anonymous_3)
DA:1,1
DA:2,1
DA:4,1
DA:11,1
DA:12,1
DA:15,1
DA:20,1
DA:21,6
DA:22,6
DA:24,6
DA:27,7
DA:28,7
DA:29,7
DA:30,7
DA:31,7
DA:33,7
DA:39,7
LF:17
LH:17
BRDA:4,0,0,0
BRDA:4,0,1,1
BRDA:11,1,0,1
BRDA:11,1,1,0
BRF:4
BRH:2
end_of_record
TN:
SF:/home/eb/Share/extension/src/3_lower/lib/Glossaries/lib/getHashCode.js
FN:2,hashCode
FNF:1
FNH:1
FNDA:7,hashCode
DA:3,7
DA:5,7
DA:6,0
DA:8,7
DA:9,747
DA:10,747
DA:11,747
DA:13,7
LF:8
LH:7
BRDA:5,0,0,0
BRDA:5,0,1,7
BRF:2
BRH:1
end_of_record
TN:
SF:/home/eb/Share/extension/src/3_lower/lib/Glossaries/lib/checkWhetherNew/isNotOld.js
FN:7,isNotOld
FNF:1
FNH:1
FNDA:1,isNotOld
DA:8,1
DA:10,1
DA:11,1
DA:12,1
LF:4
LH:4
BRDA:8,0,0,0
BRDA:8,0,1,1
BRDA:11,1,0,1
BRDA:11,1,1,1
BRF:4
BRH:3
end_of_record
TN:
SF:/home/eb/Share/extension/src/3_lower/lib/Glossaries/lib/organizeGlossaries/highlightRelevant.js
FN:8,highlightRelevant
FN:37,(anonymous_2)
FN:38,(anonymous_3)
FNF:3
FNH:3
FNDA:1,highlightRelevant
FNDA:6,(anonymous_2)
FNDA:24,(anonymous_3)
DA:5,1
DA:6,1
DA:9,1
DA:10,1
DA:13,1
DA:36,1
DA:37,1
DA:38,6
DA:39,24
DA:40,3
LF:10
LH:10
BRDA:9,0,0,1
BRDA:9,0,1,0
BRDA:39,1,0,3
BRDA:39,1,1,21
BRF:4
BRH:3
end_of_record
TN:
SF:/home/eb/Share/extension/src/4_other/ChangeReport.js
FN:42,(anonymous_1)
FN:46,createDiffString
FNF:2
FNH:2
FNDA:3,(anonymous_1)
FNDA:3,createDiffString
DA:1,1
DA:4,1
DA:5,1
DA:12,1
DA:19,1
DA:20,1
DA:24,1
DA:35,2
DA:36,1
DA:39,1
DA:42,1
DA:43,3
DA:47,3
DA:49,3
DA:50,3
DA:52,3
LF:16
LH:16
BRDA:35,0,0,1
BRDA:35,0,1,1
BRF:2
BRH:2
end_of_record
TN:
SF:/home/eb/Share/extension/src/4_other/custom-pretty-html.js
FN:7,customPrettyHtml
FNF:1
FNH:1
FNDA:3,customPrettyHtml
DA:8,3
DA:9,3
DA:10,3
DA:11,3
DA:12,3
DA:13,3
DA:14,3
DA:15,3
DA:16,3
DA:17,6
DA:18,6
DA:19,6
DA:21,6
DA:23,3
DA:24,3
DA:26,0
DA:27,0
DA:29,3
DA:30,3
DA:33,3
LF:20
LH:18
BRDA:22,0,0,3
BRDA:22,0,1,0
BRDA:22,0,2,3
BRF:3
BRH:2
end_of_record
TN:
SF:/home/eb/Share/extension/src/4_other/popularSimilar.js
FN:5,init
FN:13,checkAndReplace
FN:16,(anonymous_2)
FN:28,addToTm
FN:31,c
FN:33,d
FNF:6
FNH:3
FNDA:1,init
FNDA:2,checkAndReplace
FNDA:4,(anonymous_2)
FNDA:0,addToTm
FNDA:0,c
FNDA:0,d
DA:2,1
DA:6,1
DA:16,4
DA:17,2
DA:19,2
DA:20,2
DA:21,2
DA:23,2
LF:8
LH:8
BRDA:19,0,0,2
BRDA:19,0,1,0
BRDA:21,1,0,2
BRDA:21,1,1,0
BRF:4
BRH:2
end_of_record
TN:
SF:/home/eb/Share/extension/src/4_other/tool.js
FN:6,(anonymous_0)
FN:8,contrastColor
FN:49,deepFreeze
FN:53,(anonymous_3)
FN:64,stripPlaceholders
FN:68,parseStringifiedValue
FN:79,promisify
FN:80,(anonymous_7)
FN:81,(anonymous_8)
FN:82,(anonymous_9)
FNF:10
FNH:2
FNDA:0,(anonymous_0)
FNDA:2,contrastColor
FNDA:0,deepFreeze
FNDA:0,(anonymous_3)
FNDA:20,stripPlaceholders
FNDA:0,parseStringifiedValue
FNDA:0,promisify
FNDA:0,(anonymous_7)
FNDA:0,(anonymous_8)
FNDA:0,(anonymous_9)
DA:4,2
DA:6,2
DA:9,2
DA:10,2
DA:11,2
DA:12,2
DA:14,2
DA:18,2
DA:20,2
DA:21,2
DA:22,2
DA:23,2
DA:24,2
DA:26,0
DA:27,0
DA:28,0
DA:29,0
DA:30,0
DA:32,0
DA:33,0
DA:34,0
DA:35,0
DA:36,0
DA:38,2
DA:40,2
DA:41,0
DA:43,2
DA:46,2
DA:49,2
DA:51,0
DA:53,0
DA:54,0
DA:56,0
DA:57,0
DA:61,0
DA:65,20
DA:69,0
DA:70,0
DA:71,0
DA:72,0
DA:73,0
DA:76,0
DA:80,0
DA:81,0
DA:82,0
DA:83,0
DA:84,0
DA:86,0
LF:48
LH:19
BRDA:8,0,0,2
BRDA:19,1,0,2
BRDA:19,1,1,0
BRDA:19,1,2,0
BRDA:40,2,0,0
BRDA:40,2,1,2
BRDA:56,3,0,0
BRDA:56,3,1,0
BRDA:56,4,0,0
BRDA:56,4,1,0
BRDA:56,4,2,0
BRDA:69,5,0,0
BRDA:69,5,1,0
BRDA:70,6,0,0
BRDA:70,6,1,0
BRDA:72,7,0,0
BRDA:72,7,1,0
BRDA:83,8,0,0
BRDA:83,8,1,0
BRF:19
BRH:3
end_of_record
TN:
SF:/home/eb/Share/extension/src/4_other/xreg.js
FN:7,(anonymous_0)
FN:10,(anonymous_1)
FN:27,(anonymous_2)
FN:39,(anonymous_3)
FN:47,(anonymous_4)
FN:55,(anonymous_5)
FN:63,(anonymous_6)
FN:70,(anonymous_7)
FNF:8
FNH:2
FNDA:1,(anonymous_0)
FNDA:1,(anonymous_1)
FNDA:0,(anonymous_2)
FNDA:0,(anonymous_3)
FNDA:0,(anonymous_4)
FNDA:0,(anonymous_5)
FNDA:0,(anonymous_6)
FNDA:0,(anonymous_7)
DA:5,1
DA:7,1
DA:8,1
DA:11,1
DA:27,1
DA:28,0
DA:29,0
DA:31,0
DA:37,1
DA:40,0
DA:45,1
DA:48,0
DA:53,1
DA:56,0
DA:61,1
DA:64,0
DA:68,1
DA:71,0
LF:18
LH:10
BRDA:28,0,0,0
BRDA:28,0,1,0
BRF:2
BRH:0
end_of_record
TN:
SF:/home/eb/Share/extension/src/other_pages/calculateLqe.js
FN:11,calculate
FN:28,_calculate
FN:77,_reportWriter
FNF:3
FNH:3
FNDA:3,calculate
FNDA:3,_calculate
FNDA:3,_reportWriter
DA:7,1
DA:12,3
DA:24,3
DA:25,3
DA:26,3
DA:29,3
DA:31,3
DA:32,0
DA:35,3
DA:38,3
DA:39,0
DA:40,0
DA:41,0
DA:43,3
DA:47,3
DA:49,3
DA:50,3
DA:52,3
DA:53,3
DA:55,3
DA:56,14
DA:57,10
DA:58,10
DA:59,4
DA:60,4
DA:61,4
DA:63,0
DA:67,3
DA:68,3
DA:70,3
DA:71,3
DA:72,3
DA:74,3
DA:78,3
DA:79,3
DA:81,3
DA:82,0
DA:84,3
DA:85,3
DA:88,3
DA:89,3
DA:90,0
DA:92,3
DA:93,3
DA:94,1
DA:97,3
DA:98,1
DA:99,2
DA:100,0
DA:102,2
DA:104,3
LF:51
LH:43
BRDA:31,0,0,0
BRDA:31,0,1,3
BRDA:31,1,0,3
BRDA:31,1,1,3
BRDA:31,1,2,3
BRDA:31,1,3,3
BRDA:38,2,0,0
BRDA:38,2,1,3
BRDA:56,3,0,10
BRDA:56,3,1,4
BRDA:59,4,0,4
BRDA:59,4,1,0
BRDA:81,5,0,0
BRDA:81,5,1,3
BRDA:89,6,0,0
BRDA:89,6,1,3
BRDA:93,7,0,1
BRDA:93,7,1,2
BRDA:97,8,0,1
BRDA:97,8,1,2
BRDA:99,9,0,0
BRDA:99,9,1,2
BRDA:99,10,0,2
BRDA:99,10,1,0
BRF:24
BRH:17
end_of_record
TN:
SF:/home/eb/Share/extension/vendor/tabletop/tabletop.js
FN:1,(anonymous_0)
FN:6,requestNotProvided
FN:36,(anonymous_2)
FN:59,(anonymous_3)
FN:150,(anonymous_4)
FN:154,(anonymous_5)
FN:160,(anonymous_6)
FN:172,(anonymous_7)
FN:192,(anonymous_8)
FN:197,(anonymous_9)
FN:223,(anonymous_10)
FN:238,(anonymous_11)
FN:273,(anonymous_12)
FN:277,(anonymous_13)
FN:290,(anonymous_14)
FN:303,(anonymous_15)
FN:322,(anonymous_16)
FN:336,(anonymous_17)
FN:379,(anonymous_18)
FN:392,(anonymous_19)
FN:409,(anonymous_20)
FN:417,(anonymous_21)
FN:428,(anonymous_22)
FN:434,(anonymous_23)
FN:450,(anonymous_24)
FN:514,(anonymous_25)
FN:518,(anonymous_26)
FN:525,(anonymous_27)
FN:530,(anonymous_28)
FN:539,(anonymous_29)
FN:566,(anonymous_30)
FN:590,(anonymous_31)
FN:608,(anonymous_32)
FNF:33
FNH:22
FNDA:1,(anonymous_0)
FNDA:0,requestNotProvided
FNDA:2,(anonymous_2)
FNDA:1,(anonymous_3)
FNDA:1,(anonymous_4)
FNDA:0,(anonymous_5)
FNDA:1,(anonymous_6)
FNDA:5,(anonymous_7)
FNDA:0,(anonymous_8)
FNDA:0,(anonymous_9)
FNDA:0,(anonymous_10)
FNDA:0,(anonymous_11)
FNDA:5,(anonymous_12)
FNDA:5,(anonymous_13)
FNDA:2,(anonymous_14)
FNDA:1,(anonymous_15)
FNDA:0,(anonymous_16)
FNDA:1,(anonymous_17)
FNDA:0,(anonymous_18)
FNDA:2,(anonymous_19)
FNDA:2,(anonymous_20)
FNDA:2,(anonymous_21)
FNDA:1,(anonymous_22)
FNDA:12,(anonymous_23)
FNDA:2,(anonymous_24)
FNDA:0,(anonymous_25)
FNDA:2,(anonymous_26)
FNDA:2,(anonymous_27)
FNDA:2,(anonymous_28)
FNDA:2,(anonymous_29)
FNDA:2,(anonymous_30)
FNDA:0,(anonymous_31)
FNDA:0,(anonymous_32)
DA:1,1
DA:4,1
DA:6,1
DA:7,0
DA:10,1
DA:11,1
DA:14,1
DA:15,1
DA:16,1
DA:17,1
DA:18,0
DA:19,0
DA:21,0
DA:22,0
DA:23,0
DA:35,1
DA:36,1
DA:37,2
DA:39,2
DA:40,2
DA:43,0
DA:44,0
DA:45,0
DA:48,0
DA:59,1
DA:61,1
DA:62,0
DA:65,1
DA:66,0
DA:69,1
DA:70,1
DA:71,1
DA:72,1
DA:73,1
DA:74,1
DA:75,1
DA:76,1
DA:77,1
DA:78,1
DA:79,1
DA:80,1
DA:81,1
DA:82,1
DA:83,1
DA:85,1
DA:87,1
DA:89,0
DA:90,0
DA:91,0
DA:94,0
DA:97,1
DA:99,1
DA:100,0
DA:101,0
DA:103,0
DA:107,1
DA:108,0
DA:109,0
DA:112,1
DA:113,0
DA:114,0
DA:117,1
DA:118,1
DA:119,1
DA:122,1
DA:123,0
DA:124,0
DA:127,1
DA:129,1
DA:130,1
DA:131,1
DA:133,1
DA:135,1
DA:136,1
DA:138,0
DA:141,1
DA:142,1
DA:147,1
DA:150,1
DA:151,1
DA:154,1
DA:155,0
DA:158,1
DA:161,1
DA:162,0
DA:164,1
DA:173,5
DA:175,5
DA:176,5
DA:180,0
DA:181,0
DA:182,0
DA:184,0
DA:194,0
DA:195,0
DA:196,0
DA:197,0
DA:201,0
DA:202,0
DA:206,0
DA:207,0
DA:209,0
DA:211,0
DA:213,0
DA:224,0
DA:227,0
DA:228,0
DA:229,0
DA:230,0
DA:231,0
DA:234,0
DA:235,0
DA:238,0
DA:239,0
DA:240,0
DA:241,0
DA:242,0
DA:244,0
DA:247,0
DA:249,0
DA:252,0
DA:253,0
DA:255,0
DA:258,0
DA:261,0
DA:262,0
DA:265,0
DA:267,0
DA:274,5
DA:276,5
DA:277,5
DA:278,5
DA:279,0
DA:281,5
DA:291,2
DA:292,2
DA:294,0
DA:306,1
DA:307,0
DA:309,1
DA:310,0
DA:311,0
DA:313,0
DA:315,1
DA:323,0
DA:324,0
DA:338,1
DA:339,1
DA:340,1
DA:342,1
DA:343,2
DA:345,2
DA:346,2
DA:347,2
DA:348,2
DA:349,2
DA:350,2
DA:352,0
DA:354,2
DA:356,0
DA:358,2
DA:359,0
DA:361,2
DA:362,0
DA:364,2
DA:368,1
DA:369,1
DA:370,2
DA:380,0
DA:381,0
DA:383,0
DA:385,0
DA:387,0
DA:393,2
DA:394,2
DA:395,2
DA:398,2
DA:399,2
DA:400,1
DA:410,2
DA:411,2
DA:418,2
DA:429,1
DA:430,1
DA:435,12
DA:436,0
DA:437,0
DA:450,1
DA:452,2
DA:453,2
DA:454,2
DA:455,2
DA:456,2
DA:457,2
DA:458,2
DA:460,2
DA:461,0
DA:462,0
DA:463,0
DA:464,0
DA:465,0
DA:468,2
DA:469,26
DA:470,14
DA:474,2
DA:475,2
DA:477,2
DA:478,277
DA:479,277
DA:480,277
DA:481,3031
DA:482,3031
DA:483,3031
DA:484,0
DA:486,3031
DA:489,0
DA:492,277
DA:493,277
DA:496,277
DA:497,0
DA:500,277
DA:503,2
DA:504,2
DA:506,0
DA:510,1
DA:515,0
DA:519,2
DA:520,0
DA:523,2
DA:524,2
DA:525,2
DA:526,2
DA:531,2
DA:540,2
DA:542,2
DA:544,2
DA:545,2
DA:547,2
DA:548,14
DA:549,14
DA:551,0
DA:555,2
DA:556,2
DA:557,2
DA:558,2
DA:567,2
DA:568,2
DA:571,2
DA:572,14
DA:575,2
DA:576,277
DA:577,277
DA:578,3031
DA:579,3031
DA:581,277
DA:583,2
DA:584,2
DA:591,0
DA:593,0
DA:594,0
DA:595,0
DA:596,0
DA:598,0
DA:601,0
DA:605,1
DA:606,1
DA:607,0
DA:608,0
DA:609,0
DA:612,0
LF:270
LH:161
BRDA:4,0,0,1
BRDA:4,0,1,1
BRDA:10,1,0,1
BRDA:10,1,1,0
BRDA:18,2,0,0
BRDA:18,2,1,0
BRDA:21,3,0,0
BRDA:21,3,1,0
BRDA:39,4,0,2
BRDA:39,4,1,0
BRDA:39,5,0,2
BRDA:39,5,1,2
BRDA:44,6,0,0
BRDA:44,6,1,0
BRDA:61,7,0,0
BRDA:61,7,1,1
BRDA:61,8,0,1
BRDA:61,8,1,1
BRDA:65,9,0,0
BRDA:65,9,1,1
BRDA:70,10,0,1
BRDA:70,10,1,1
BRDA:78,11,0,1
BRDA:78,11,1,1
BRDA:80,12,0,1
BRDA:80,12,1,1
BRDA:82,13,0,1
BRDA:82,13,1,1
BRDA:85,14,0,1
BRDA:85,14,1,0
BRDA:87,15,0,0
BRDA:87,15,1,1
BRDA:97,16,0,1
BRDA:97,16,1,1
BRDA:99,17,0,0
BRDA:99,17,1,1
BRDA:100,18,0,0
BRDA:100,18,1,0
BRDA:107,19,0,0
BRDA:107,19,1,1
BRDA:112,20,0,0
BRDA:112,20,1,1
BRDA:117,21,0,1
BRDA:117,21,1,0
BRDA:122,22,0,0
BRDA:122,22,1,1
BRDA:135,23,0,1
BRDA:135,23,1,0
BRDA:135,24,0,1
BRDA:135,24,1,0
BRDA:141,25,0,1
BRDA:141,25,1,0
BRDA:161,26,0,0
BRDA:161,26,1,1
BRDA:175,27,0,5
BRDA:175,27,1,0
BRDA:180,28,0,0
BRDA:180,28,1,0
BRDA:181,29,0,0
BRDA:181,29,1,0
BRDA:181,30,0,0
BRDA:181,30,1,0
BRDA:181,30,2,0
BRDA:194,31,0,0
BRDA:194,31,1,0
BRDA:201,32,0,0
BRDA:201,32,1,0
BRDA:227,33,0,0
BRDA:227,33,1,0
BRDA:228,34,0,0
BRDA:228,34,1,0
BRDA:230,35,0,0
BRDA:230,35,1,0
BRDA:249,36,0,0
BRDA:249,36,1,0
BRDA:252,37,0,0
BRDA:252,37,1,0
BRDA:261,38,0,0
BRDA:261,38,1,0
BRDA:278,39,0,0
BRDA:278,39,1,5
BRDA:291,40,0,2
BRDA:291,40,1,0
BRDA:306,41,0,0
BRDA:306,41,1,1
BRDA:309,42,0,0
BRDA:309,42,1,1
BRDA:310,43,0,0
BRDA:310,43,1,0
BRDA:310,44,0,0
BRDA:310,44,1,0
BRDA:323,45,0,0
BRDA:323,45,1,0
BRDA:345,46,0,2
BRDA:345,46,1,0
BRDA:349,47,0,2
BRDA:349,47,1,0
BRDA:349,48,0,2
BRDA:349,48,1,0
BRDA:354,49,0,0
BRDA:354,49,1,2
BRDA:358,50,0,0
BRDA:358,50,1,2
BRDA:361,51,0,0
BRDA:361,51,1,2
BRDA:380,52,0,0
BRDA:380,52,1,0
BRDA:383,53,0,0
BRDA:383,53,1,0
BRDA:394,54,0,2
BRDA:394,54,1,0
BRDA:399,55,0,1
BRDA:399,55,1,1
BRDA:429,56,0,1
BRDA:429,56,1,0
BRDA:430,57,0,1
BRDA:430,57,1,1
BRDA:435,58,0,0
BRDA:435,58,1,12
BRDA:436,59,0,0
BRDA:436,59,1,0
BRDA:436,60,0,0
BRDA:436,60,1,0
BRDA:460,61,0,0
BRDA:460,61,1,2
BRDA:469,62,0,14
BRDA:469,62,1,12
BRDA:482,63,0,3031
BRDA:482,63,1,0
BRDA:483,64,0,0
BRDA:483,64,1,3031
BRDA:483,65,0,3031
BRDA:483,65,1,0
BRDA:483,65,2,0
BRDA:492,66,0,277
BRDA:492,66,1,0
BRDA:496,67,0,0
BRDA:496,67,1,277
BRDA:503,68,0,2
BRDA:503,68,1,0
BRDA:519,69,0,0
BRDA:519,69,1,2
BRDA:548,70,0,14
BRDA:548,70,1,0
BRDA:605,71,0,1
BRDA:605,71,1,0
BRDA:605,72,0,1
BRDA:605,72,1,1
BRDA:607,73,0,0
BRDA:607,73,1,0
BRDA:607,74,0,0
BRDA:607,74,1,0
BRF:152
BRH:63
end_of_record
